[ 2015-12-17T10:59:30+08:00 ] 0.0.0.0 /thinkphp_cms/index.php/Index/checklogin
INFO: [ route_check ] --START--
INFO: CheckRoute Behavior ::run [ RunTime:0.001145s ]
INFO: [ route_check ] --END-- [ RunTime:0.001205s ]
NOTIC: [8192] preg_replace(): The /e modifier is deprecated, use preg_replace_callback instead E:\xampp\htdocs\thinkphp_cms\ThinkPHP\Lib\Core\Dispatcher.class.php 第 132 行.
INFO: [ app_begin ] --START--
INFO: ReadHtmlCache Behavior ::run [ RunTime:0.000997s ]
INFO: [ app_begin ] --END-- [ RunTime:0.001051s ]
NOTIC: [8192] mysql_connect(): The mysql extension is deprecated and will be removed in the future: use mysqli or PDO instead E:\xampp\htdocs\thinkphp_cms\ThinkPHP\Lib\Driver\Db\DbMysql.class.php 第 55 行.
NOTIC: [2] mysql_connect(): Access denied for user 'root'@'localhost' (using password: YES) E:\xampp\htdocs\thinkphp_cms\ThinkPHP\Lib\Driver\Db\DbMysql.class.php 第 55 行.
ERR: Access denied for user 'root'@'localhost' (using password: YES)

[ 2015-12-17T10:59:33+08:00 ] 0.0.0.0 /thinkphp_cms/index.php/Index/checklogin
INFO: [ route_check ] --START--
INFO: CheckRoute Behavior ::run [ RunTime:0.001022s ]
INFO: [ route_check ] --END-- [ RunTime:0.001079s ]
NOTIC: [8192] preg_replace(): The /e modifier is deprecated, use preg_replace_callback instead E:\xampp\htdocs\thinkphp_cms\ThinkPHP\Lib\Core\Dispatcher.class.php 第 132 行.
INFO: [ app_begin ] --START--
INFO: ReadHtmlCache Behavior ::run [ RunTime:0.000901s ]
INFO: [ app_begin ] --END-- [ RunTime:0.000943s ]
NOTIC: [8192] mysql_connect(): The mysql extension is deprecated and will be removed in the future: use mysqli or PDO instead E:\xampp\htdocs\thinkphp_cms\ThinkPHP\Lib\Driver\Db\DbMysql.class.php 第 55 行.
NOTIC: [2] mysql_connect(): Access denied for user 'root'@'localhost' (using password: YES) E:\xampp\htdocs\thinkphp_cms\ThinkPHP\Lib\Driver\Db\DbMysql.class.php 第 55 行.
ERR: Access denied for user 'root'@'localhost' (using password: YES)

